Построение начато 11.07.2012 0:54:12.
     1>Проект "C:\Users\Admin\Documents\IceCast\MBCS2.0\taglib-1.7.2\taglib-1.7.2\bindings\c\tag_c.vcxproj" в узле 3 (целевые объекты build).
     1>PrepareForBuild:
         Создание каталога "C:\Users\Admin\Documents\IceCast\MBCS2.0\taglib-1.7.2\taglib-1.7.2\bindings\c\Debug\".
       InitializeBuildStatus:
         Создание "tag_c.dir\Debug\tag_c.unsuccessfulbuild", так как было задано "AlwaysCreate".
       CustomBuild:
         Building Custom Rule C:/Users/Admin/Documents/IceCast/MBCS2.0/taglib-1.7.2/taglib-1.7.2/bindings/c/CMakeLists.txt
         CMake does not need to re-run because C:\Users\Admin\Documents\IceCast\MBCS2.0\taglib-1.7.2\taglib-1.7.2\bindings\c\CMakeFiles\generate.stamp is up-to-date.
       ClCompile:
         C:\Program Files\Microsoft Visual Studio 10.0\VC\bin\CL.exe /c /I"C:/Users/Admin/Documents/IceCast/MBCS2.0/taglib-1.7.2/taglib-1.7.2" /I"C:/Users/Admin/Documents/IceCast/MBCS2.0/taglib-1.7.2/taglib-1.7.2/bindings/c/../../taglib" /I"C:/Users/Admin/Documents/IceCast/MBCS2.0/taglib-1.7.2/taglib-1.7.2/bindings/c/../../taglib/toolkit" /I"C:/Users/Admin/Documents/IceCast/MBCS2.0/taglib-1.7.2/taglib-1.7.2/bindings/c/../../taglib/asf" /I"C:/Users/Admin/Documents/IceCast/MBCS2.0/taglib-1.7.2/taglib-1.7.2/bindings/c/../../taglib/mpeg" /I"C:/Users/Admin/Documents/IceCast/MBCS2.0/taglib-1.7.2/taglib-1.7.2/bindings/c/../../taglib/ogg" /I"C:/Users/Admin/Documents/IceCast/MBCS2.0/taglib-1.7.2/taglib-1.7.2/bindings/c/../../taglib/ogg/vorbis" /I"C:/Users/Admin/Documents/IceCast/MBCS2.0/taglib-1.7.2/taglib-1.7.2/bindings/c/../../taglib/ogg/flac" /I"C:/Users/Admin/Documents/IceCast/MBCS2.0/taglib-1.7.2/taglib-1.7.2/bindings/c/../../taglib/flac" /I"C:/Users/Admin/Documents/IceCast/MBCS2.0/taglib-1.7.2/taglib-1.7.2/bindings/c/../../taglib/mpc" /I"C:/Users/Admin/Documents/IceCast/MBCS2.0/taglib-1.7.2/taglib-1.7.2/bindings/c/../../taglib/mp4" /I"C:/Users/Admin/Documents/IceCast/MBCS2.0/taglib-1.7.2/taglib-1.7.2/bindings/c/../../taglib/mpeg/id3v2" /I"C:/Users/Admin/Documents/IceCast/MBCS2.0/taglib-1.7.2/taglib-1.7.2/bindings/c/../../taglib/mpeg/id3v2/frames" /I"C:/Users/Admin/Documents/IceCast/MBCS2.0/taglib-1.7.2/taglib-1.7.2/bindings/c/../../taglib/wavpack" /I"C:/Users/Admin/Documents/IceCast/MBCS2.0/taglib-1.7.2/taglib-1.7.2/bindings/c/../../taglib/ogg/speex" /I"C:/Users/Admin/Documents/IceCast/MBCS2.0/taglib-1.7.2/taglib-1.7.2/bindings/c/../../taglib/trueaudio" /Zi /nologo /W3 /WX- /Od /Ob0 /Oy- /D WIN32 /D _WINDOWS /D _DEBUG /D HAVE_CONFIG_H /D _CRT_SECURE_NO_DEPRECATE /D _CRT_NONSTDC_NO_DEPRECATE /D "CMAKE_INTDIR=\"Debug\"" /D MAKE_TAGLIB_C_LIB /D _WINDLL /D _MBCS /Gm- /EHsc /RTC1 /MDd /GS /fp:precise /Zc:wchar_t- /Zc:forScope /GR /Fo"tag_c.dir\Debug\\" /Fd"C:/Users/Admin/Documents/IceCast/MBCS2.0/taglib-1.7.2/taglib-1.7.2/bindings/c/Debug/tag_cd.pdb" /Gd /TP /analyze- /errorReport:prompt "C:\Users\Admin\Documents\IceCast\MBCS2.0\taglib-1.7.2\taglib-1.7.2\bindings\c\tag_c.cpp"  /Zm1000 
         tag_c.cpp
     1>C:\Users\Admin\Documents\IceCast\MBCS2.0\taglib-1.7.2\taglib-1.7.2\taglib\toolkit\tfile.h(48): warning C4251: TagLib::FileName::m_name: class "std::basic_string<_Elem,_Traits,_Ax>" должен иметь dll-интерфейс для использования клиентами class "TagLib::FileName"
                 with
                 [
                     _Elem=char,
                     _Traits=std::char_traits<char>,
                     _Ax=std::allocator<char>
                 ]
     1>C:\Users\Admin\Documents\IceCast\MBCS2.0\taglib-1.7.2\taglib-1.7.2\taglib\toolkit\tfile.h(49): warning C4251: TagLib::FileName::m_wname: class "std::basic_string<_Elem,_Traits,_Ax>" должен иметь dll-интерфейс для использования клиентами class "TagLib::FileName"
                 with
                 [
                     _Elem=wchar_t,
                     _Traits=std::char_traits<wchar_t>,
                     _Ax=std::allocator<wchar_t>
                 ]
     1>C:\Users\Admin\Documents\IceCast\MBCS2.0\taglib-1.7.2\taglib-1.7.2\bindings\c\tag_c.cpp(53): warning C4800: int: принудительно задано логическое значение "true" или "false" (предупреждение о производительности)
     1>C:\Users\Admin\Documents\IceCast\MBCS2.0\taglib-1.7.2\taglib-1.7.2\bindings\c\tag_c.cpp(58): warning C4800: int: принудительно задано логическое значение "true" или "false" (предупреждение о производительности)
       ManifestResourceCompile:
         C:\Program Files\Microsoft SDKs\Windows\v7.0A\bin\rc.exe /nologo /fo"tag_c.dir\Debug\tag_cd.dll.embed.manifest.res" tag_c.dir\Debug\tag_cd_manifest.rc 
       Link:
         C:\Program Files\Microsoft Visual Studio 10.0\VC\bin\link.exe /ERRORREPORT:PROMPT /OUT:"C:\Users\Admin\Documents\IceCast\MBCS2.0\taglib-1.7.2\taglib-1.7.2\bindings\c\Debug\tag_cd.dll" /INCREMENTAL /NOLOGO kernel32.lib user32.lib gdi32.lib winspool.lib shell32.lib ole32.lib oleaut32.lib uuid.lib comdlg32.lib advapi32.lib ..\..\taglib\Debug\tagd.lib /MANIFEST /ManifestFile:"tag_c.dir\Debug\tag_cd.dll.intermediate.manifest" /MANIFESTUAC:"level='asInvoker' uiAccess='false'" /DEBUG /PDB:"C:/Users/Admin/Documents/IceCast/MBCS2.0/taglib-1.7.2/taglib-1.7.2/bindings/c/Debug/tag_cd.pdb" /SUBSYSTEM:CONSOLE /STACK:"10000000" /TLBID:1 /DYNAMICBASE /NXCOMPAT /IMPLIB:"C:/Users/Admin/Documents/IceCast/MBCS2.0/taglib-1.7.2/taglib-1.7.2/bindings/c/Debug/tag_cd.lib" /MACHINE:X86 /DLL tag_c.dir\Debug\tag_cd.dll.embed.manifest.res
         tag_c.dir\Debug\tag_c.obj  /machine:X86 /debug 
            Создается библиотека C:/Users/Admin/Documents/IceCast/MBCS2.0/taglib-1.7.2/taglib-1.7.2/bindings/c/Debug/tag_cd.lib и объект C:/Users/Admin/Documents/IceCast/MBCS2.0/taglib-1.7.2/taglib-1.7.2/bindings/c/Debug/tag_cd.exp
       Manifest:
         C:\Program Files\Microsoft SDKs\Windows\v7.0A\bin\mt.exe /nologo /verbose /out:"tag_c.dir\Debug\tag_cd.dll.embed.manifest" /manifest tag_c.dir\Debug\tag_cd.dll.intermediate.manifest
         C:\Program Files\Microsoft SDKs\Windows\v7.0A\bin\rc.exe /nologo /fo"tag_c.dir\Debug\tag_cd.dll.embed.manifest.res" tag_c.dir\Debug\tag_cd_manifest.rc 
       LinkEmbedManifest:
         C:\Program Files\Microsoft Visual Studio 10.0\VC\bin\link.exe /ERRORREPORT:PROMPT /OUT:"C:\Users\Admin\Documents\IceCast\MBCS2.0\taglib-1.7.2\taglib-1.7.2\bindings\c\Debug\tag_cd.dll" /INCREMENTAL /NOLOGO kernel32.lib user32.lib gdi32.lib winspool.lib shell32.lib ole32.lib oleaut32.lib uuid.lib comdlg32.lib advapi32.lib ..\..\taglib\Debug\tagd.lib /MANIFEST /ManifestFile:"tag_c.dir\Debug\tag_cd.dll.intermediate.manifest" /MANIFESTUAC:"level='asInvoker' uiAccess='false'" /DEBUG /PDB:"C:/Users/Admin/Documents/IceCast/MBCS2.0/taglib-1.7.2/taglib-1.7.2/bindings/c/Debug/tag_cd.pdb" /SUBSYSTEM:CONSOLE /STACK:"10000000" /TLBID:1 /DYNAMICBASE /NXCOMPAT /IMPLIB:"C:/Users/Admin/Documents/IceCast/MBCS2.0/taglib-1.7.2/taglib-1.7.2/bindings/c/Debug/tag_cd.lib" /MACHINE:X86 /DLL tag_c.dir\Debug\tag_cd.dll.embed.manifest.res
         tag_c.dir\Debug\tag_c.obj  /machine:X86 /debug 
            Создается библиотека C:/Users/Admin/Documents/IceCast/MBCS2.0/taglib-1.7.2/taglib-1.7.2/bindings/c/Debug/tag_cd.lib и объект C:/Users/Admin/Documents/IceCast/MBCS2.0/taglib-1.7.2/taglib-1.7.2/bindings/c/Debug/tag_cd.exp
         tag_c.vcxproj -> C:\Users\Admin\Documents\IceCast\MBCS2.0\taglib-1.7.2\taglib-1.7.2\bindings\c\Debug\tag_cd.dll
       FinalizeBuildStatus:
         Файл "tag_c.dir\Debug\tag_c.unsuccessfulbuild" удаляется.
         Обращение к "tag_c.dir\Debug\tag_c.lastbuildstate".
     1>Построение проекта "C:\Users\Admin\Documents\IceCast\MBCS2.0\taglib-1.7.2\taglib-1.7.2\bindings\c\tag_c.vcxproj" завершено (целевые объекты build).

Построение успешно завершено.

Затраченное время: 00:00:09.04
